  pgq-vector.cpp
C:\Users\dimap\source\repos\pgq-vector\pgq-vector\Header.h(266,28): warning C4244: аргумент: преобразование "double" в "const size_t", возможна потеря данных
C:\Users\dimap\source\repos\pgq-vector\pgq-vector\Header.h(261): message : во время компиляции функции-члена класс шаблон "void vector<int>::push_back(const T &)"
          with
          [
              T=int
          ]
C:\Users\dimap\source\repos\pgq-vector\pgq-vector\pgq-vector.cpp(17): message : выполняется компиляция ссылки на экземпляр шаблон функции "void vector<int>::push_back(const T &)"
          with
          [
              T=int
          ]
C:\Users\dimap\source\repos\pgq-vector\pgq-vector\pgq-vector.cpp(16): message : выполняется компиляция ссылки на экземпляр класс шаблон функции "vector<int>"
C:\Program Files\Microsoft Visual Studio\2022\Community\VC\Tools\MSVC\14.31.31103\include\algorithm(7460,1): error C2678: бинарный "-": не найден оператор, принимающий левый операнд типа "const _RanIt" (или приемлемое преобразование отсутствует)
          with
          [
              _RanIt=vector<int>::Iterator<int>
          ]
C:\Users\dimap\source\repos\pgq-vector\pgq-vector\Header.h(33,16): message : может быть "size_t vector<int>::Iterator<T>::operator -(const vector<T>::Iterator<T> &)"
          with
          [
              T=int
          ]
C:\Users\dimap\source\repos\pgq-vector\pgq-vector\Header.h(29,30): message : или       "vector<int>::Iterator<T> &vector<T>::Iterator<T>::operator -(const int &)"
          with
          [
              T=int
          ]
C:\Program Files\Microsoft Visual Studio\2022\Community\VC\Tools\MSVC\14.31.31103\include\algorithm(7460,1): message : при попытке сопоставить список аргументов "(const _RanIt, const _RanIt)"
          with
          [
              _RanIt=vector<int>::Iterator<int>
          ]
C:\Users\dimap\source\repos\pgq-vector\pgq-vector\pgq-vector.cpp(22): message : выполняется компиляция ссылки на экземпляр шаблон функции "void std::sort<vector<int>::Iterator<T>,main::<lambda_3b5f5ff0c131fd662cf193c3ad0d8017>>(const _RanIt,const _RanIt,_Pr)"
          with
          [
              T=int,
              _RanIt=vector<int>::Iterator<int>,
              _Pr=main::<lambda_3b5f5ff0c131fd662cf193c3ad0d8017>
          ]
C:\Program Files\Microsoft Visual Studio\2022\Community\VC\Tools\MSVC\14.31.31103\include\algorithm(7460,5): error C2672: "_Sort_unchecked": не найдена соответствующая перегруженная функция
C:\Program Files\Microsoft Visual Studio\2022\Community\VC\Tools\MSVC\14.31.31103\include\algorithm(7460,1): error C2780: void std::_Sort_unchecked(_RanIt,_RanIt,iterator_traits<_Iter>::difference_type,_Pr): требует аргументов: 4, имеется: 3
C:\Program Files\Microsoft Visual Studio\2022\Community\VC\Tools\MSVC\14.31.31103\include\algorithm(7426): message : см. объявление "std::_Sort_unchecked"
